android/build/intermediates/manifest_merge_blame_file/debug/manifest-merger-blame-debug-report.txt
1<?xml version="1.0" encoding="utf-8"?>
2<manifest xmlns:android="http://schemas.android.com/apk/res/android"
3    package="org.m4m.android"
4    android:versionCode="1"
5    android:versionName="1.0" >
6
7    <uses-sdk
8        android:minSdkVersion="17"
8-->src/main/AndroidManifest.xml
9        android:targetSdkVersion="29" />
9-->src/main/AndroidManifest.xml
10
11    <!-- Require OpenGL ES >= 2.0. -->
12    <uses-feature
12-->src/main/AndroidManifest.xml:8:5-10:34
13        android:glEsVersion="0x00020000"
13-->src/main/AndroidManifest.xml:9:9-41
14        android:required="true" />
14-->src/main/AndroidManifest.xml:10:9-32
15
16    <application />
16-->src/main/AndroidManifest.xml:12:5-32
17
18</manifest>